D:\DOCUMENTS\PERSONAL\UTAR\DEGREE\Y1S1\INTRO TO PROGRAMMING\PROJECT\SOLITAIRE\DEBUG\SOLITAIRE.EXE
D:\DOCUMENTS\PERSONAL\UTAR\DEGREE\Y1S1\INTRO TO PROGRAMMING\PROJECT\SOLITAIRE\DEBUG\SOLITAIRE.PDB
D:\Documents\Personal\UTAR\Degree\Y1S1\Intro to Programming\Project\Solitaire\Solitaire\Debug\cl.command.1.tlog
D:\Documents\Personal\UTAR\Degree\Y1S1\Intro to Programming\Project\Solitaire\Solitaire\Debug\CL.read.1.tlog
D:\Documents\Personal\UTAR\Degree\Y1S1\Intro to Programming\Project\Solitaire\Solitaire\Debug\CL.write.1.tlog
D:\Documents\Personal\UTAR\Degree\Y1S1\Intro to Programming\Project\Solitaire\Solitaire\Debug\link.command.1.tlog
D:\Documents\Personal\UTAR\Degree\Y1S1\Intro to Programming\Project\Solitaire\Solitaire\Debug\link.read.1.tlog
D:\Documents\Personal\UTAR\Degree\Y1S1\Intro to Programming\Project\Solitaire\Solitaire\Debug\link.write.1.tlog
D:\DOCUMENTS\PERSONAL\UTAR\DEGREE\Y1S1\INTRO TO PROGRAMMING\PROJECT\SOLITAIRE\SOLITAIRE\DEBUG\MAIN.OBJ
D:\Documents\Personal\UTAR\Degree\Y1S1\Intro to Programming\Project\Solitaire\Solitaire\Debug\mt.command.1.tlog
D:\Documents\Personal\UTAR\Degree\Y1S1\Intro to Programming\Project\Solitaire\Solitaire\Debug\mt.read.1.tlog
D:\Documents\Personal\UTAR\Degree\Y1S1\Intro to Programming\Project\Solitaire\Solitaire\Debug\mt.write.1.tlog
D:\DOCUMENTS\PERSONAL\UTAR\DEGREE\Y1S1\INTRO TO PROGRAMMING\PROJECT\SOLITAIRE\SOLITAIRE\DEBUG\PROGRAMMING.OBJ
D:\Documents\Personal\UTAR\Degree\Y1S1\Intro to Programming\Project\Solitaire\Solitaire\Debug\rc.command.1.tlog
D:\Documents\Personal\UTAR\Degree\Y1S1\Intro to Programming\Project\Solitaire\Solitaire\Debug\rc.read.1.tlog
D:\Documents\Personal\UTAR\Degree\Y1S1\Intro to Programming\Project\Solitaire\Solitaire\Debug\rc.write.1.tlog
D:\Documents\Personal\UTAR\Degree\Y1S1\Intro to Programming\Project\Solitaire\Solitaire\Debug\Solitaire.exe.embed.manifest
D:\DOCUMENTS\PERSONAL\UTAR\DEGREE\Y1S1\INTRO TO PROGRAMMING\PROJECT\SOLITAIRE\SOLITAIRE\DEBUG\SOLITAIRE.EXE.EMBED.MANIFEST.RES
D:\DOCUMENTS\PERSONAL\UTAR\DEGREE\Y1S1\INTRO TO PROGRAMMING\PROJECT\SOLITAIRE\SOLITAIRE\DEBUG\SOLITAIRE.EXE.INTERMEDIATE.MANIFEST
D:\Documents\Personal\UTAR\Degree\Y1S1\Intro to Programming\Project\Solitaire\Solitaire\Debug\Solitaire.vcxprojResolveAssemblyReference.cache
D:\Documents\Personal\UTAR\Degree\Y1S1\Intro to Programming\Project\Solitaire\Solitaire\Debug\Solitaire.write.1.tlog
D:\Documents\Personal\UTAR\Degree\Y1S1\Intro to Programming\Project\Solitaire\Solitaire\Debug\Solitaire_manifest.rc
D:\Documents\Personal\UTAR\Degree\Y1S1\Intro to Programming\Project\Solitaire\Solitaire\Debug\vc100.idb
D:\DOCUMENTS\PERSONAL\UTAR\DEGREE\Y1S1\INTRO TO PROGRAMMING\PROJECT\SOLITAIRE\SOLITAIRE\DEBUG\VC100.PDB
